<?xml version="1.0"?>
<testsuite name="WebKit 537.36 (Windows 32)" package="" timestamp="2026-09-03T21:59:33" id="0" hostname="Raven108" tests="2" errors="0" failures="0" time="0.002">
  <properties>
    <property name="browser.fullName" value="Mozilla/5.0 (win32) AppleWebKit/537.36 (KHTML, like Gecko) jsdom/30.0.1"/>
  </properties>
  <testcase name="nativeTestReducer guarda la ruta de imagen compartida al despachar la accion de imagen" time="0.002" classname="nativeTestReducer"/>
  <testcase name="nativeTestReducer guarda el texto compartido al despachar la accion de texto" time="0" classname="nativeTestReducer"/>
  <system-out>
    <![CDATA[
]]>
  </system-out>
  <system-err/>
</testsuite>
